*** Start analyzing build configuration ***
Sorting wildcard files: '/home/e611hx/code/verifi/pss_rebuild/pss_verification/block_level_tbs/gpio_tb/register_model/*_pkg.sv' ...
Auto-config - Scanning: /home/e611hx/code/verifi/pss_rebuild/pss_verification
Auto-config - VLOG: /home/e611hx/code/verifi/pss_rebuild/pss_verification
Auto-config - Wrote:
    /home/e611hx/code/verifi/pss_rebuild/pss_verification/.dvt/default.build.auto.1
Sorting wildcard files: '/home/e611hx/code/verifi/pss_rebuild/pss_verification/block_level_tbs/gpio_tb/register_model/*_pkg.sv' ...
Sorting wildcard files: '/home/e611hx/code/verifi/pss_rebuild/pss_verification/block_level_tbs/gpio_tb/register_model/*_pkg.sv' ...
*** List of included argument files ***
    Build configuration file:  /home/e611hx/code/verifi/pss_rebuild/pss_verification/.dvt/default.build
    -f /home/e611hx/code/verifi/pss_rebuild/pss_verification/.dvt/default.build.auto.1
*** List of invocations ***
Invocation #1 +dvt_init+dvt in /home/e611hx/code/verifi/pss_rebuild/pss_verification/.dvt/default.build.auto.1 at line 9
*** Done analyzing build configuration [100 ms] ***

*** Start SystemVerilog build ***
*** Invocation #1***
Loading (1) /home/e611hx/dvt_env/dvt_eclipse/predefined_projects/libs/uvm-1.2/src/uvm_pkg.sv ...
Loading (2) /home/e611hx/dvt_env/dvt_eclipse/predefined_projects/libs/uvm-1.2/src/uvm_macros.svh ...
Loading (3) /home/e611hx/dvt_env/dvt_eclipse/predefined_projects/libs/uvm-1.2/src/macros/uvm_version_defines.svh ...
Done /home/e611hx/dvt_env/dvt_eclipse/predefined_projects/libs/uvm-1.2/src/macros/uvm_version_defines.svh [52 ms, 151 lines, SystemVerilog_2012] ...
Loading (4) /home/e611hx/dvt_env/dvt_eclipse/predefined_projects/libs/uvm-1.2/src/macros/uvm_global_defines.svh ...
Done /home/e611hx/dvt_env/dvt_eclipse/predefined_projects/libs/uvm-1.2/src/macros/uvm_global_defines.svh [0 ms, 61 lines, SystemVerilog_2012] ...
Loading (5) /home/e611hx/dvt_env/dvt_eclipse/predefined_projects/libs/uvm-1.2/src/macros/uvm_message_defines.svh ...
Done /home/e611hx/dvt_env/dvt_eclipse/predefined_projects/libs/uvm-1.2/src/macros/uvm_message_defines.svh [0 ms, 539 lines, SystemVerilog_2012] ...
Loading (6) /home/e611hx/dvt_env/dvt_eclipse/predefined_projects/libs/uvm-1.2/src/macros/uvm_phase_defines.svh ...
Done /home/e611hx/dvt_env/dvt_eclipse/predefined_projects/libs/uvm-1.2/src/macros/uvm_phase_defines.svh [0 ms, 130 lines, SystemVerilog_2012] ...
Loading (7) /home/e611hx/dvt_env/dvt_eclipse/predefined_projects/libs/uvm-1.2/src/macros/uvm_object_defines.svh ...
Done /home/e611hx/dvt_env/dvt_eclipse/predefined_projects/libs/uvm-1.2/src/macros/uvm_object_defines.svh [0 ms, 3815 lines, SystemVerilog_2012] ...
Loading (8) /home/e611hx/dvt_env/dvt_eclipse/predefined_projects/libs/uvm-1.2/src/macros/uvm_printer_defines.svh ...
Done /home/e611hx/dvt_env/dvt_eclipse/predefined_projects/libs/uvm-1.2/src/macros/uvm_printer_defines.svh [0 ms, 423 lines, SystemVerilog_2012] ...
Loading (9) /home/e611hx/dvt_env/dvt_eclipse/predefined_projects/libs/uvm-1.2/src/macros/uvm_tlm_defines.svh ...
Loading (10) /home/e611hx/dvt_env/dvt_eclipse/predefined_projects/libs/uvm-1.2/src/tlm1/uvm_tlm_imps.svh ...
Done /home/e611hx/dvt_env/dvt_eclipse/predefined_projects/libs/uvm-1.2/src/tlm1/uvm_tlm_imps.svh [0 ms, 229 lines, SystemVerilog_2012] ...
Done /home/e611hx/dvt_env/dvt_eclipse/predefined_projects/libs/uvm-1.2/src/macros/uvm_tlm_defines.svh [0 ms, 617 lines, SystemVerilog_2012] ...
Loading (11) /home/e611hx/dvt_env/dvt_eclipse/predefined_projects/libs/uvm-1.2/src/macros/uvm_sequence_defines.svh ...
Done /home/e611hx/dvt_env/dvt_eclipse/predefined_projects/libs/uvm-1.2/src/macros/uvm_sequence_defines.svh [0 ms, 456 lines, SystemVerilog_2012] ...
Loading (12) /home/e611hx/dvt_env/dvt_eclipse/predefined_projects/libs/uvm-1.2/src/macros/uvm_callback_defines.svh ...
Done /home/e611hx/dvt_env/dvt_eclipse/predefined_projects/libs/uvm-1.2/src/macros/uvm_callback_defines.svh [0 ms, 301 lines, SystemVerilog_2012] ...
Loading (13) /home/e611hx/dvt_env/dvt_eclipse/predefined_projects/libs/uvm-1.2/src/macros/uvm_reg_defines.svh ...
Done /home/e611hx/dvt_env/dvt_eclipse/predefined_projects/libs/uvm-1.2/src/macros/uvm_reg_defines.svh [0 ms, 69 lines, SystemVerilog_2012] ...
Loading (14) /home/e611hx/dvt_env/dvt_eclipse/predefined_projects/libs/uvm-1.2/src/macros/uvm_deprecated_defines.svh ...
Done /home/e611hx/dvt_env/dvt_eclipse/predefined_projects/libs/uvm-1.2/src/macros/uvm_deprecated_defines.svh [0 ms, 252 lines, SystemVerilog_2012] ...
Done /home/e611hx/dvt_env/dvt_eclipse/predefined_projects/libs/uvm-1.2/src/uvm_macros.svh [0 ms, 82 lines, SystemVerilog_2012] ...
Loading (15) /home/e611hx/dvt_env/dvt_eclipse/predefined_projects/libs/uvm-1.2/src/dpi/uvm_dpi.svh ...
Loading (16) /home/e611hx/dvt_env/dvt_eclipse/predefined_projects/libs/uvm-1.2/src/dpi/uvm_hdl.svh ...
Done /home/e611hx/dvt_env/dvt_eclipse/predefined_projects/libs/uvm-1.2/src/dpi/uvm_hdl.svh [2 ms, 164 lines, SystemVerilog_2012] ...
Loading (17) /home/e611hx/dvt_env/dvt_eclipse/predefined_projects/libs/uvm-1.2/src/dpi/uvm_svcmd_dpi.svh ...
Done /home/e611hx/dvt_env/dvt_eclipse/predefined_projects/libs/uvm-1.2/src/dpi/uvm_svcmd_dpi.svh [0 ms, 66 lines, SystemVerilog_2012] ...
Loading (18) /home/e611hx/dvt_env/dvt_eclipse/predefined_projects/libs/uvm-1.2/src/dpi/uvm_regex.svh ...
Done /home/e611hx/dvt_env/dvt_eclipse/predefined_projects/libs/uvm-1.2/src/dpi/uvm_regex.svh [0 ms, 89 lines, SystemVerilog_2012] ...
Done /home/e611hx/dvt_env/dvt_eclipse/predefined_projects/libs/uvm-1.2/src/dpi/uvm_dpi.svh [0 ms, 44 lines, SystemVerilog_2012] ...
Loading (19) /home/e611hx/dvt_env/dvt_eclipse/predefined_projects/libs/uvm-1.2/src/base/uvm_base.svh ...
Loading (20) /home/e611hx/dvt_env/dvt_eclipse/predefined_projects/libs/uvm-1.2/src/base/uvm_coreservice.svh ...
Done /home/e611hx/dvt_env/dvt_eclipse/predefined_projects/libs/uvm-1.2/src/base/uvm_coreservice.svh [2 ms, 224 lines, SystemVerilog_2012] ...
Loading (21) /home/e611hx/dvt_env/dvt_eclipse/predefined_projects/libs/uvm-1.2/src/base/uvm_version.svh ...
Done /home/e611hx/dvt_env/dvt_eclipse/predefined_projects/libs/uvm-1.2/src/base/uvm_version.svh [0 ms, 39 lines, SystemVerilog_2012] ...
Loading (22) /home/e611hx/dvt_env/dvt_eclipse/predefined_projects/libs/uvm-1.2/src/base/uvm_object_globals.svh ...
Done /home/e611hx/dvt_env/dvt_eclipse/predefined_projects/libs/uvm-1.2/src/base/uvm_object_globals.svh [3 ms, 658 lines, SystemVerilog_2012] ...
Loading (23) /home/e611hx/dvt_env/dvt_eclipse/predefined_projects/libs/uvm-1.2/src/base/uvm_misc.svh ...
Done /home/e611hx/dvt_env/dvt_eclipse/predefined_projects/libs/uvm-1.2/src/base/uvm_misc.svh [6 ms, 754 lines, SystemVerilog_2012] ...
Loading (24) /home/e611hx/dvt_env/dvt_eclipse/predefined_projects/libs/uvm-1.2/src/base/uvm_object.svh ...
Done /home/e611hx/dvt_env/dvt_eclipse/predefined_projects/libs/uvm-1.2/src/base/uvm_object.svh [4 ms, 1331 lines, SystemVerilog_2012] ...
Loading (25) /home/e611hx/dvt_env/dvt_eclipse/predefined_projects/libs/uvm-1.2/src/base/uvm_pool.svh ...
Done /home/e611hx/dvt_env/dvt_eclipse/predefined_projects/libs/uvm-1.2/src/base/uvm_pool.svh [2 ms, 348 lines, SystemVerilog_2012] ...
Loading (26) /home/e611hx/dvt_env/dvt_eclipse/predefined_projects/libs/uvm-1.2/src/base/uvm_queue.svh ...
Done /home/e611hx/dvt_env/dvt_eclipse/predefined_projects/libs/uvm-1.2/src/base/uvm_queue.svh [1 ms, 204 lines, SystemVerilog_2012] ...
Loading (27) /home/e611hx/dvt_env/dvt_eclipse/predefined_projects/libs/uvm-1.2/src/base/uvm_factory.svh ...
Done /home/e611hx/dvt_env/dvt_eclipse/predefined_projects/libs/uvm-1.2/src/base/uvm_factory.svh [8 ms, 1790 lines, SystemVerilog_2012] ...
Loading (28) /home/e611hx/dvt_env/dvt_eclipse/predefined_projects/libs/uvm-1.2/src/base/uvm_registry.svh ...
Done /home/e611hx/dvt_env/dvt_eclipse/predefined_projects/libs/uvm-1.2/src/base/uvm_registry.svh [1 ms, 381 lines, SystemVerilog_2012] ...
Loading (29) /home/e611hx/dvt_env/dvt_eclipse/predefined_projects/libs/uvm-1.2/src/base/uvm_spell_chkr.svh ...
Done /home/e611hx/dvt_env/dvt_eclipse/predefined_projects/libs/uvm-1.2/src/base/uvm_spell_chkr.svh [1 ms, 204 lines, SystemVerilog_2012] ...
Loading (30) /home/e611hx/dvt_env/dvt_eclipse/predefined_projects/libs/uvm-1.2/src/base/uvm_resource.svh ...
Done /home/e611hx/dvt_env/dvt_eclipse/predefined_projects/libs/uvm-1.2/src/base/uvm_resource.svh [7 ms, 1695 lines, SystemVerilog_2012] ...
Loading (31) /home/e611hx/dvt_env/dvt_eclipse/predefined_projects/libs/uvm-1.2/src/base/uvm_resource_specializations.svh ...
Done /home/e611hx/dvt_env/dvt_eclipse/predefined_projects/libs/uvm-1.2/src/base/uvm_resource_specializations.svh [2 ms, 171 lines, SystemVerilog_2012] ...
Loading (32) /home/e611hx/dvt_env/dvt_eclipse/predefined_projects/libs/uvm-1.2/src/base/uvm_resource_db.svh ...
Done /home/e611hx/dvt_env/dvt_eclipse/predefined_projects/libs/uvm-1.2/src/base/uvm_resource_db.svh [2 ms, 400 lines, SystemVerilog_2012] ...
Loading (33) /home/e611hx/dvt_env/dvt_eclipse/predefined_projects/libs/uvm-1.2/src/base/uvm_config_db.svh ...
Done /home/e611hx/dvt_env/dvt_eclipse/predefined_projects/libs/uvm-1.2/src/base/uvm_config_db.svh [2 ms, 411 lines, SystemVerilog_2012] ...
Loading (34) /home/e611hx/dvt_env/dvt_eclipse/predefined_projects/libs/uvm-1.2/src/base/uvm_printer.svh ...
Done /home/e611hx/dvt_env/dvt_eclipse/predefined_projects/libs/uvm-1.2/src/base/uvm_printer.svh [5 ms, 1232 lines, SystemVerilog_2012] ...
Loading (35) /home/e611hx/dvt_env/dvt_eclipse/predefined_projects/libs/uvm-1.2/src/base/uvm_comparer.svh ...
Done /home/e611hx/dvt_env/dvt_eclipse/predefined_projects/libs/uvm-1.2/src/base/uvm_comparer.svh [1 ms, 423 lines, SystemVerilog_2012] ...
Loading (36) /home/e611hx/dvt_env/dvt_eclipse/predefined_projects/libs/uvm-1.2/src/base/uvm_packer.svh ...
Done /home/e611hx/dvt_env/dvt_eclipse/predefined_projects/libs/uvm-1.2/src/base/uvm_packer.svh [6 ms, 1038 lines, SystemVerilog_2012] ...
Loading (37) /home/e611hx/dvt_env/dvt_eclipse/predefined_projects/libs/uvm-1.2/src/base/uvm_links.svh ...
Done /home/e611hx/dvt_env/dvt_eclipse/predefined_projects/libs/uvm-1.2/src/base/uvm_links.svh [2 ms, 371 lines, SystemVerilog_2012] ...
Loading (38) /home/e611hx/dvt_env/dvt_eclipse/predefined_projects/libs/uvm-1.2/src/base/uvm_tr_database.svh ...
Done /home/e611hx/dvt_env/dvt_eclipse/predefined_projects/libs/uvm-1.2/src/base/uvm_tr_database.svh [2 ms, 433 lines, SystemVerilog_2012] ...
Loading (39) /home/e611hx/dvt_env/dvt_eclipse/predefined_projects/libs/uvm-1.2/src/base/uvm_tr_stream.svh ...
Done /home/e611hx/dvt_env/dvt_eclipse/predefined_projects/libs/uvm-1.2/src/base/uvm_tr_stream.svh [3 ms, 592 lines, SystemVerilog_2012] ...
Loading (40) /home/e611hx/dvt_env/dvt_eclipse/predefined_projects/libs/uvm-1.2/src/base/uvm_recorder.svh ...
Done /home/e611hx/dvt_env/dvt_eclipse/predefined_projects/libs/uvm-1.2/src/base/uvm_recorder.svh [4 ms, 1141 lines, SystemVerilog_2012] ...
Loading (41) /home/e611hx/dvt_env/dvt_eclipse/predefined_projects/libs/uvm-1.2/src/base/uvm_event_callback.svh ...
Done /home/e611hx/dvt_env/dvt_eclipse/predefined_projects/libs/uvm-1.2/src/base/uvm_event_callback.svh [0 ms, 91 lines, SystemVerilog_2012] ...
Loading (42) /home/e611hx/dvt_env/dvt_eclipse/predefined_projects/libs/uvm-1.2/src/base/uvm_event.svh ...
Done /home/e611hx/dvt_env/dvt_eclipse/predefined_projects/libs/uvm-1.2/src/base/uvm_event.svh [2 ms, 395 lines, SystemVerilog_2012] ...
Loading (43) /home/e611hx/dvt_env/dvt_eclipse/predefined_projects/libs/uvm-1.2/src/base/uvm_barrier.svh ...
Done /home/e611hx/dvt_env/dvt_eclipse/predefined_projects/libs/uvm-1.2/src/base/uvm_barrier.svh [0 ms, 210 lines, SystemVerilog_2012] ...
Loading (44) /home/e611hx/dvt_env/dvt_eclipse/predefined_projects/libs/uvm-1.2/src/base/uvm_callback.svh ...
Loading (45) /home/e611hx/dvt_env/dvt_eclipse/predefined_projects/libs/uvm-1.2/src/uvm_macros.svh ...
Done /home/e611hx/dvt_env/dvt_eclipse/predefined_projects/libs/uvm-1.2/src/uvm_macros.svh [0 ms, 82 lines, SystemVerilog_2012] ...
Done /home/e611hx/dvt_env/dvt_eclipse/predefined_projects/libs/uvm-1.2/src/base/uvm_callback.svh [7 ms, 1199 lines, SystemVerilog_2012] ...
Loading (46) /home/e611hx/dvt_env/dvt_eclipse/predefined_projects/libs/uvm-1.2/src/base/uvm_report_message.svh ...
Done /home/e611hx/dvt_env/dvt_eclipse/predefined_projects/libs/uvm-1.2/src/base/uvm_report_message.svh [4 ms, 940 lines, SystemVerilog_2012] ...
Loading (47) /home/e611hx/dvt_env/dvt_eclipse/predefined_projects/libs/uvm-1.2/src/base/uvm_report_catcher.svh ...
Done /home/e611hx/dvt_env/dvt_eclipse/predefined_projects/libs/uvm-1.2/src/base/uvm_report_catcher.svh [4 ms, 713 lines, SystemVerilog_2012] ...
Loading (48) /home/e611hx/dvt_env/dvt_eclipse/predefined_projects/libs/uvm-1.2/src/base/uvm_report_server.svh ...
Done /home/e611hx/dvt_env/dvt_eclipse/predefined_projects/libs/uvm-1.2/src/base/uvm_report_server.svh [4 ms, 923 lines, SystemVerilog_2012] ...
Loading (49) /home/e611hx/dvt_env/dvt_eclipse/predefined_projects/libs/uvm-1.2/src/base/uvm_report_handler.svh ...
Done /home/e611hx/dvt_env/dvt_eclipse/predefined_projects/libs/uvm-1.2/src/base/uvm_report_handler.svh [5 ms, 801 lines, SystemVerilog_2012] ...
Loading (50) /home/e611hx/dvt_env/dvt_eclipse/predefined_projects/libs/uvm-1.2/src/base/uvm_report_object.svh ...
Done /home/e611hx/dvt_env/dvt_eclipse/predefined_projects/libs/uvm-1.2/src/base/uvm_report_object.svh [2 ms, 660 lines, SystemVerilog_2012] ...
Loading (51) /home/e611hx/dvt_env/dvt_eclipse/predefined_projects/libs/uvm-1.2/src/base/uvm_transaction.svh ...
Done /home/e611hx/dvt_env/dvt_eclipse/predefined_projects/libs/uvm-1.2/src/base/uvm_transaction.svh [2 ms, 781 lines, SystemVerilog_2012] ...
Loading (52) /home/e611hx/dvt_env/dvt_eclipse/predefined_projects/libs/uvm-1.2/src/base/uvm_phase.svh ...
Done /home/e611hx/dvt_env/dvt_eclipse/predefined_projects/libs/uvm-1.2/src/base/uvm_phase.svh [14 ms, 2254 lines, SystemVerilog_2012] ...
Loading (53) /home/e611hx/dvt_env/dvt_eclipse/predefined_projects/libs/uvm-1.2/src/base/uvm_domain.svh ...
Done /home/e611hx/dvt_env/dvt_eclipse/predefined_projects/libs/uvm-1.2/src/base/uvm_domain.svh [2 ms, 219 lines, SystemVerilog_2012] ...
Loading (54) /home/e611hx/dvt_env/dvt_eclipse/predefined_projects/libs/uvm-1.2/src/base/uvm_bottomup_phase.svh ...
Done /home/e611hx/dvt_env/dvt_eclipse/predefined_projects/libs/uvm-1.2/src/base/uvm_bottomup_phase.svh [0 ms, 113 lines, SystemVerilog_2012] ...
Loading (55) /home/e611hx/dvt_env/dvt_eclipse/predefined_projects/libs/uvm-1.2/src/base/uvm_topdown_phase.svh ...
Done /home/e611hx/dvt_env/dvt_eclipse/predefined_projects/libs/uvm-1.2/src/base/uvm_topdown_phase.svh [1 ms, 115 lines, SystemVerilog_2012] ...
Loading (56) /home/e611hx/dvt_env/dvt_eclipse/predefined_projects/libs/uvm-1.2/src/base/uvm_task_phase.svh ...
Done /home/e611hx/dvt_env/dvt_eclipse/predefined_projects/libs/uvm-1.2/src/base/uvm_task_phase.svh [1 ms, 162 lines, SystemVerilog_2012] ...
Loading (57) /home/e611hx/dvt_env/dvt_eclipse/predefined_projects/libs/uvm-1.2/src/base/uvm_common_phases.svh ...
Done /home/e611hx/dvt_env/dvt_eclipse/predefined_projects/libs/uvm-1.2/src/base/uvm_common_phases.svh [1 ms, 452 lines, SystemVerilog_2012] ...
Loading (58) /home/e611hx/dvt_env/dvt_eclipse/predefined_projects/libs/uvm-1.2/src/base/uvm_runtime_phases.svh ...
Done /home/e611hx/dvt_env/dvt_eclipse/predefined_projects/libs/uvm-1.2/src/base/uvm_runtime_phases.svh [2 ms, 556 lines, SystemVerilog_2012] ...
Loading (59) /home/e611hx/dvt_env/dvt_eclipse/predefined_projects/libs/uvm-1.2/src/base/uvm_component.svh ...
Loading (60) /home/e611hx/dvt_env/dvt_eclipse/predefined_projects/libs/uvm-1.2/src/base/uvm_root.svh ...
Done /home/e611hx/dvt_env/dvt_eclipse/predefined_projects/libs/uvm-1.2/src/base/uvm_root.svh [9 ms, 1073 lines, SystemVerilog_2012] ...
Done /home/e611hx/dvt_env/dvt_eclipse/predefined_projects/libs/uvm-1.2/src/base/uvm_component.svh [13 ms, 3639 lines, SystemVerilog_2012] ...
Loading (61) /home/e611hx/dvt_env/dvt_eclipse/predefined_projects/libs/uvm-1.2/src/base/uvm_objection.svh ...
Done /home/e611hx/dvt_env/dvt_eclipse/predefined_projects/libs/uvm-1.2/src/base/uvm_objection.svh [7 ms, 1454 lines, SystemVerilog_2012] ...
Loading (62) /home/e611hx/dvt_env/dvt_eclipse/predefined_projects/libs/uvm-1.2/src/base/uvm_heartbeat.svh ...
Done /home/e611hx/dvt_env/dvt_eclipse/predefined_projects/libs/uvm-1.2/src/base/uvm_heartbeat.svh [2 ms, 342 lines, SystemVerilog_2012] ...
Loading (63) /home/e611hx/dvt_env/dvt_eclipse/predefined_projects/libs/uvm-1.2/src/base/uvm_globals.svh ...
Done /home/e611hx/dvt_env/dvt_eclipse/predefined_projects/libs/uvm-1.2/src/base/uvm_globals.svh [3 ms, 565 lines, SystemVerilog_2012] ...
Loading (64) /home/e611hx/dvt_env/dvt_eclipse/predefined_projects/libs/uvm-1.2/src/base/uvm_cmdline_processor.svh ...
Done /home/e611hx/dvt_env/dvt_eclipse/predefined_projects/libs/uvm-1.2/src/base/uvm_cmdline_processor.svh [1 ms, 462 lines, SystemVerilog_2012] ...
Loading (65) /home/e611hx/dvt_env/dvt_eclipse/predefined_projects/libs/uvm-1.2/src/base/uvm_traversal.svh ...
Done /home/e611hx/dvt_env/dvt_eclipse/predefined_projects/libs/uvm-1.2/src/base/uvm_traversal.svh [2 ms, 289 lines, SystemVerilog_2012] ...
Done /home/e611hx/dvt_env/dvt_eclipse/predefined_projects/libs/uvm-1.2/src/base/uvm_base.svh [0 ms, 113 lines, SystemVerilog_2012] ...
Loading (66) /home/e611hx/dvt_env/dvt_eclipse/predefined_projects/libs/uvm-1.2/src/dap/uvm_dap.svh ...
Loading (67) /home/e611hx/dvt_env/dvt_eclipse/predefined_projects/libs/uvm-1.2/src/dap/uvm_set_get_dap_base.svh ...
Done /home/e611hx/dvt_env/dvt_eclipse/predefined_projects/libs/uvm-1.2/src/dap/uvm_set_get_dap_base.svh [0 ms, 84 lines, SystemVerilog_2012] ...
Loading (68) /home/e611hx/dvt_env/dvt_eclipse/predefined_projects/libs/uvm-1.2/src/dap/uvm_simple_lock_dap.svh ...
Done /home/e611hx/dvt_env/dvt_eclipse/predefined_projects/libs/uvm-1.2/src/dap/uvm_simple_lock_dap.svh [1 ms, 179 lines, SystemVerilog_2012] ...
Loading (69) /home/e611hx/dvt_env/dvt_eclipse/predefined_projects/libs/uvm-1.2/src/dap/uvm_get_to_lock_dap.svh ...
Done /home/e611hx/dvt_env/dvt_eclipse/predefined_projects/libs/uvm-1.2/src/dap/uvm_get_to_lock_dap.svh [1 ms, 155 lines, SystemVerilog_2012] ...
Loading (70) /home/e611hx/dvt_env/dvt_eclipse/predefined_projects/libs/uvm-1.2/src/dap/uvm_set_before_get_dap.svh ...
Done /home/e611hx/dvt_env/dvt_eclipse/predefined_projects/libs/uvm-1.2/src/dap/uvm_set_before_get_dap.svh [1 ms, 185 lines, SystemVerilog_2012] ...
Done /home/e611hx/dvt_env/dvt_eclipse/predefined_projects/libs/uvm-1.2/src/dap/uvm_dap.svh [0 ms, 35 lines, SystemVerilog_2012] ...
Loading (71) /home/e611hx/dvt_env/dvt_eclipse/predefined_projects/libs/uvm-1.2/src/tlm1/uvm_tlm.svh ...
Loading (72) /home/e611hx/dvt_env/dvt_eclipse/predefined_projects/libs/uvm-1.2/src/tlm1/uvm_tlm_ifs.svh ...
Done /home/e611hx/dvt_env/dvt_eclipse/predefined_projects/libs/uvm-1.2/src/tlm1/uvm_tlm_ifs.svh [1 ms, 219 lines, SystemVerilog_2012] ...
Loading (73) /home/e611hx/dvt_env/dvt_eclipse/predefined_projects/libs/uvm-1.2/src/tlm1/uvm_sqr_ifs.svh ...
Done /home/e611hx/dvt_env/dvt_eclipse/predefined_projects/libs/uvm-1.2/src/tlm1/uvm_sqr_ifs.svh [0 ms, 253 lines, SystemVerilog_2012] ...
Loading (74) /home/e611hx/dvt_env/dvt_eclipse/predefined_projects/libs/uvm-1.2/src/base/uvm_port_base.svh ...
Done /home/e611hx/dvt_env/dvt_eclipse/predefined_projects/libs/uvm-1.2/src/base/uvm_port_base.svh [4 ms, 793 lines, SystemVerilog_2012] ...
Loading (75) /home/e611hx/dvt_env/dvt_eclipse/predefined_projects/libs/uvm-1.2/src/tlm1/uvm_tlm_imps.svh ...
Done /home/e611hx/dvt_env/dvt_eclipse/predefined_projects/libs/uvm-1.2/src/tlm1/uvm_tlm_imps.svh [0 ms, 229 lines, SystemVerilog_2012] ...
Loading (76) /home/e611hx/dvt_env/dvt_eclipse/predefined_projects/libs/uvm-1.2/src/tlm1/uvm_imps.svh ...
Done /home/e611hx/dvt_env/dvt_eclipse/predefined_projects/libs/uvm-1.2/src/tlm1/uvm_imps.svh [4 ms, 317 lines, SystemVerilog_2012] ...
Loading (77) /home/e611hx/dvt_env/dvt_eclipse/predefined_projects/libs/uvm-1.2/src/tlm1/uvm_ports.svh ...
Done /home/e611hx/dvt_env/dvt_eclipse/predefined_projects/libs/uvm-1.2/src/tlm1/uvm_ports.svh [4 ms, 263 lines, SystemVerilog_2012] ...
Loading (78) /home/e611hx/dvt_env/dvt_eclipse/predefined_projects/libs/uvm-1.2/src/tlm1/uvm_exports.svh ...
Done /home/e611hx/dvt_env/dvt_eclipse/predefined_projects/libs/uvm-1.2/src/tlm1/uvm_exports.svh [3 ms, 260 lines, SystemVerilog_2012] ...
Loading (79) /home/e611hx/dvt_env/dvt_eclipse/predefined_projects/libs/uvm-1.2/src/tlm1/uvm_analysis_port.svh ...
Done /home/e611hx/dvt_env/dvt_eclipse/predefined_projects/libs/uvm-1.2/src/tlm1/uvm_analysis_port.svh [1 ms, 156 lines, SystemVerilog_2012] ...
Loading (80) /home/e611hx/dvt_env/dvt_eclipse/predefined_projects/libs/uvm-1.2/src/tlm1/uvm_tlm_fifo_base.svh ...
Done /home/e611hx/dvt_env/dvt_eclipse/predefined_projects/libs/uvm-1.2/src/tlm1/uvm_tlm_fifo_base.svh [1 ms, 253 lines, SystemVerilog_2012] ...
Loading (81) /home/e611hx/dvt_env/dvt_eclipse/predefined_projects/libs/uvm-1.2/src/tlm1/uvm_tlm_fifos.svh ...
Done /home/e611hx/dvt_env/dvt_eclipse/predefined_projects/libs/uvm-1.2/src/tlm1/uvm_tlm_fifos.svh [1 ms, 239 lines, SystemVerilog_2012] ...
Loading (82) /home/e611hx/dvt_env/dvt_eclipse/predefined_projects/libs/uvm-1.2/src/tlm1/uvm_tlm_req_rsp.svh ...
Done /home/e611hx/dvt_env/dvt_eclipse/predefined_projects/libs/uvm-1.2/src/tlm1/uvm_tlm_req_rsp.svh [1 ms, 349 lines, SystemVerilog_2012] ...
Loading (83) /home/e611hx/dvt_env/dvt_eclipse/predefined_projects/libs/uvm-1.2/src/tlm1/uvm_sqr_connections.svh ...
Done /home/e611hx/dvt_env/dvt_eclipse/predefined_projects/libs/uvm-1.2/src/tlm1/uvm_sqr_connections.svh [1 ms, 84 lines, SystemVerilog_2012] ...
Done /home/e611hx/dvt_env/dvt_eclipse/predefined_projects/libs/uvm-1.2/src/tlm1/uvm_tlm.svh [0 ms, 40 lines, SystemVerilog_2012] ...
Loading (84) /home/e611hx/dvt_env/dvt_eclipse/predefined_projects/libs/uvm-1.2/src/comps/uvm_comps.svh ...
Loading (85) /home/e611hx/dvt_env/dvt_eclipse/predefined_projects/libs/uvm-1.2/src/comps/uvm_pair.svh ...
Done /home/e611hx/dvt_env/dvt_eclipse/predefined_projects/libs/uvm-1.2/src/comps/uvm_pair.svh [1 ms, 171 lines, SystemVerilog_2012] ...
Loading (86) /home/e611hx/dvt_env/dvt_eclipse/predefined_projects/libs/uvm-1.2/src/comps/uvm_policies.svh ...
Done /home/e611hx/dvt_env/dvt_eclipse/predefined_projects/libs/uvm-1.2/src/comps/uvm_policies.svh [0 ms, 142 lines, SystemVerilog_2012] ...
Loading (87) /home/e611hx/dvt_env/dvt_eclipse/predefined_projects/libs/uvm-1.2/src/comps/uvm_in_order_comparator.svh ...
Done /home/e611hx/dvt_env/dvt_eclipse/predefined_projects/libs/uvm-1.2/src/comps/uvm_in_order_comparator.svh [1 ms, 260 lines, SystemVerilog_2012] ...
Loading (88) /home/e611hx/dvt_env/dvt_eclipse/predefined_projects/libs/uvm-1.2/src/comps/uvm_algorithmic_comparator.svh ...
Done /home/e611hx/dvt_env/dvt_eclipse/predefined_projects/libs/uvm-1.2/src/comps/uvm_algorithmic_comparator.svh [1 ms, 135 lines, SystemVerilog_2012] ...
Loading (89) /home/e611hx/dvt_env/dvt_eclipse/predefined_projects/libs/uvm-1.2/src/comps/uvm_random_stimulus.svh ...
Done /home/e611hx/dvt_env/dvt_eclipse/predefined_projects/libs/uvm-1.2/src/comps/uvm_random_stimulus.svh [0 ms, 132 lines, SystemVerilog_2012] ...
Loading (90) /home/e611hx/dvt_env/dvt_eclipse/predefined_projects/libs/uvm-1.2/src/comps/uvm_subscriber.svh ...
Done /home/e611hx/dvt_env/dvt_eclipse/predefined_projects/libs/uvm-1.2/src/comps/uvm_subscriber.svh [0 ms, 68 lines, SystemVerilog_2012] ...
Loading (91) /home/e611hx/dvt_env/dvt_eclipse/predefined_projects/libs/uvm-1.2/src/comps/uvm_monitor.svh ...
Done /home/e611hx/dvt_env/dvt_eclipse/predefined_projects/libs/uvm-1.2/src/comps/uvm_monitor.svh [1 ms, 54 lines, SystemVerilog_2012] ...
Loading (92) /home/e611hx/dvt_env/dvt_eclipse/predefined_projects/libs/uvm-1.2/src/comps/uvm_driver.svh ...
Done /home/e611hx/dvt_env/dvt_eclipse/predefined_projects/libs/uvm-1.2/src/comps/uvm_driver.svh [0 ms, 89 lines, SystemVerilog_2012] ...
Loading (93) /home/e611hx/dvt_env/dvt_eclipse/predefined_projects/libs/uvm-1.2/src/comps/uvm_push_driver.svh ...
Done /home/e611hx/dvt_env/dvt_eclipse/predefined_projects/libs/uvm-1.2/src/comps/uvm_push_driver.svh [0 ms, 97 lines, SystemVerilog_2012] ...
Loading (94) /home/e611hx/dvt_env/dvt_eclipse/predefined_projects/libs/uvm-1.2/src/comps/uvm_scoreboard.svh ...
Done /home/e611hx/dvt_env/dvt_eclipse/predefined_projects/libs/uvm-1.2/src/comps/uvm_scoreboard.svh [0 ms, 56 lines, SystemVerilog_2012] ...
Loading (95) /home/e611hx/dvt_env/dvt_eclipse/predefined_projects/libs/uvm-1.2/src/comps/uvm_agent.svh ...
Done /home/e611hx/dvt_env/dvt_eclipse/predefined_projects/libs/uvm-1.2/src/comps/uvm_agent.svh [1 ms, 136 lines, SystemVerilog_2012] ...
Loading (96) /home/e611hx/dvt_env/dvt_eclipse/predefined_projects/libs/uvm-1.2/src/comps/uvm_env.svh ...
Done /home/e611hx/dvt_env/dvt_eclipse/predefined_projects/libs/uvm-1.2/src/comps/uvm_env.svh [0 ms, 54 lines, SystemVerilog_2012] ...
Loading (97) /home/e611hx/dvt_env/dvt_eclipse/predefined_projects/libs/uvm-1.2/src/comps/uvm_test.svh ...
Done /home/e611hx/dvt_env/dvt_eclipse/predefined_projects/libs/uvm-1.2/src/comps/uvm_test.svh [0 ms, 82 lines, SystemVerilog_2012] ...
Done /home/e611hx/dvt_env/dvt_eclipse/predefined_projects/libs/uvm-1.2/src/comps/uvm_comps.svh [0 ms, 37 lines, SystemVerilog_2012] ...
Loading (98) /home/e611hx/dvt_env/dvt_eclipse/predefined_projects/libs/uvm-1.2/src/seq/uvm_seq.svh ...
Loading (99) /home/e611hx/dvt_env/dvt_eclipse/predefined_projects/libs/uvm-1.2/src/seq/uvm_sequence_item.svh ...
Done /home/e611hx/dvt_env/dvt_eclipse/predefined_projects/libs/uvm-1.2/src/seq/uvm_sequence_item.svh [2 ms, 498 lines, SystemVerilog_2012] ...
Loading (100) /home/e611hx/dvt_env/dvt_eclipse/predefined_projects/libs/uvm-1.2/src/seq/uvm_sequencer_base.svh ...
Done /home/e611hx/dvt_env/dvt_eclipse/predefined_projects/libs/uvm-1.2/src/seq/uvm_sequencer_base.svh [10 ms, 1775 lines, SystemVerilog_2012] ...
Loading (101) /home/e611hx/dvt_env/dvt_eclipse/predefined_projects/libs/uvm-1.2/src/seq/uvm_sequencer_analysis_fifo.svh ...
Done /home/e611hx/dvt_env/dvt_eclipse/predefined_projects/libs/uvm-1.2/src/seq/uvm_sequencer_analysis_fifo.svh [0 ms, 39 lines, SystemVerilog_2012] ...
Loading (102) /home/e611hx/dvt_env/dvt_eclipse/predefined_projects/libs/uvm-1.2/src/seq/uvm_sequencer_param_base.svh ...
Done /home/e611hx/dvt_env/dvt_eclipse/predefined_projects/libs/uvm-1.2/src/seq/uvm_sequencer_param_base.svh [2 ms, 460 lines, SystemVerilog_2012] ...
Loading (103) /home/e611hx/dvt_env/dvt_eclipse/predefined_projects/libs/uvm-1.2/src/seq/uvm_sequencer.svh ...
Done /home/e611hx/dvt_env/dvt_eclipse/predefined_projects/libs/uvm-1.2/src/seq/uvm_sequencer.svh [1 ms, 347 lines, SystemVerilog_2012] ...
Loading (104) /home/e611hx/dvt_env/dvt_eclipse/predefined_projects/libs/uvm-1.2/src/seq/uvm_push_sequencer.svh ...
Done /home/e611hx/dvt_env/dvt_eclipse/predefined_projects/libs/uvm-1.2/src/seq/uvm_push_sequencer.svh [1 ms, 85 lines, SystemVerilog_2012] ...
Loading (105) /home/e611hx/dvt_env/dvt_eclipse/predefined_projects/libs/uvm-1.2/src/seq/uvm_sequence_base.svh ...
Done /home/e611hx/dvt_env/dvt_eclipse/predefined_projects/libs/uvm-1.2/src/seq/uvm_sequence_base.svh [7 ms, 1405 lines, SystemVerilog_2012] ...
Loading (106) /home/e611hx/dvt_env/dvt_eclipse/predefined_projects/libs/uvm-1.2/src/seq/uvm_sequence.svh ...
Done /home/e611hx/dvt_env/dvt_eclipse/predefined_projects/libs/uvm-1.2/src/seq/uvm_sequence.svh [0 ms, 148 lines, SystemVerilog_2012] ...
Loading (107) /home/e611hx/dvt_env/dvt_eclipse/predefined_projects/libs/uvm-1.2/src/seq/uvm_sequence_library.svh ...
Done /home/e611hx/dvt_env/dvt_eclipse/predefined_projects/libs/uvm-1.2/src/seq/uvm_sequence_library.svh [5 ms, 813 lines, SystemVerilog_2012] ...
Loading (108) /home/e611hx/dvt_env/dvt_eclipse/predefined_projects/libs/uvm-1.2/src/seq/uvm_sequence_builtin.svh ...
Done /home/e611hx/dvt_env/dvt_eclipse/predefined_projects/libs/uvm-1.2/src/seq/uvm_sequence_builtin.svh [2 ms, 301 lines, SystemVerilog_2012] ...
Done /home/e611hx/dvt_env/dvt_eclipse/predefined_projects/libs/uvm-1.2/src/seq/uvm_seq.svh [0 ms, 40 lines, SystemVerilog_2012] ...
Loading (109) /home/e611hx/dvt_env/dvt_eclipse/predefined_projects/libs/uvm-1.2/src/tlm2/uvm_tlm2.svh ...
Loading (110) /home/e611hx/dvt_env/dvt_eclipse/predefined_projects/libs/uvm-1.2/src/tlm2/uvm_tlm2_defines.svh ...
Done /home/e611hx/dvt_env/dvt_eclipse/predefined_projects/libs/uvm-1.2/src/tlm2/uvm_tlm2_defines.svh [0 ms, 45 lines, SystemVerilog_2012] ...
Loading (111) /home/e611hx/dvt_env/dvt_eclipse/predefined_projects/libs/uvm-1.2/src/tlm2/uvm_tlm2_time.svh ...
Done /home/e611hx/dvt_env/dvt_eclipse/predefined_projects/libs/uvm-1.2/src/tlm2/uvm_tlm2_time.svh [1 ms, 333 lines, SystemVerilog_2012] ...
Loading (112) /home/e611hx/dvt_env/dvt_eclipse/predefined_projects/libs/uvm-1.2/src/tlm2/uvm_tlm2_generic_payload.svh ...
Done /home/e611hx/dvt_env/dvt_eclipse/predefined_projects/libs/uvm-1.2/src/tlm2/uvm_tlm2_generic_payload.svh [7 ms, 1053 lines, SystemVerilog_2012] ...
Loading (113) /home/e611hx/dvt_env/dvt_eclipse/predefined_projects/libs/uvm-1.2/src/tlm2/uvm_tlm2_ifs.svh ...
Done /home/e611hx/dvt_env/dvt_eclipse/predefined_projects/libs/uvm-1.2/src/tlm2/uvm_tlm2_ifs.svh [0 ms, 178 lines, SystemVerilog_2012] ...
Loading (114) /home/e611hx/dvt_env/dvt_eclipse/predefined_projects/libs/uvm-1.2/src/tlm2/uvm_tlm2_imps.svh ...
Done /home/e611hx/dvt_env/dvt_eclipse/predefined_projects/libs/uvm-1.2/src/tlm2/uvm_tlm2_imps.svh [1 ms, 203 lines, SystemVerilog_2012] ...
Loading (115) /home/e611hx/dvt_env/dvt_eclipse/predefined_projects/libs/uvm-1.2/src/tlm2/uvm_tlm2_ports.svh ...
Done /home/e611hx/dvt_env/dvt_eclipse/predefined_projects/libs/uvm-1.2/src/tlm2/uvm_tlm2_ports.svh [1 ms, 75 lines, SystemVerilog_2012] ...
Loading (116) /home/e611hx/dvt_env/dvt_eclipse/predefined_projects/libs/uvm-1.2/src/tlm2/uvm_tlm2_exports.svh ...
Done /home/e611hx/dvt_env/dvt_eclipse/predefined_projects/libs/uvm-1.2/src/tlm2/uvm_tlm2_exports.svh [1 ms, 65 lines, SystemVerilog_2012] ...
Loading (117) /home/e611hx/dvt_env/dvt_eclipse/predefined_projects/libs/uvm-1.2/src/tlm2/uvm_tlm2_sockets_base.svh ...
Done /home/e611hx/dvt_env/dvt_eclipse/predefined_projects/libs/uvm-1.2/src/tlm2/uvm_tlm2_sockets_base.svh [1 ms, 195 lines, SystemVerilog_2012] ...
Loading (118) /home/e611hx/dvt_env/dvt_eclipse/predefined_projects/libs/uvm-1.2/src/tlm2/uvm_tlm2_sockets.svh ...
Done /home/e611hx/dvt_env/dvt_eclipse/predefined_projects/libs/uvm-1.2/src/tlm2/uvm_tlm2_sockets.svh [3 ms, 435 lines, SystemVerilog_2012] ...
Done /home/e611hx/dvt_env/dvt_eclipse/predefined_projects/libs/uvm-1.2/src/tlm2/uvm_tlm2.svh [0 ms, 30 lines, SystemVerilog_2012] ...
Loading (119) /home/e611hx/dvt_env/dvt_eclipse/predefined_projects/libs/uvm-1.2/src/reg/uvm_reg_model.svh ...
Loading (120) /home/e611hx/dvt_env/dvt_eclipse/predefined_projects/libs/uvm-1.2/src/reg/uvm_reg_item.svh ...
Done /home/e611hx/dvt_env/dvt_eclipse/predefined_projects/libs/uvm-1.2/src/reg/uvm_reg_item.svh [2 ms, 316 lines, SystemVerilog_2012] ...
Loading (121) /home/e611hx/dvt_env/dvt_eclipse/predefined_projects/libs/uvm-1.2/src/reg/uvm_reg_adapter.svh ...
Done /home/e611hx/dvt_env/dvt_eclipse/predefined_projects/libs/uvm-1.2/src/reg/uvm_reg_adapter.svh [1 ms, 254 lines, SystemVerilog_2012] ...
Loading (122) /home/e611hx/dvt_env/dvt_eclipse/predefined_projects/libs/uvm-1.2/src/reg/uvm_reg_predictor.svh ...
Done /home/e611hx/dvt_env/dvt_eclipse/predefined_projects/libs/uvm-1.2/src/reg/uvm_reg_predictor.svh [2 ms, 265 lines, SystemVerilog_2012] ...
Loading (123) /home/e611hx/dvt_env/dvt_eclipse/predefined_projects/libs/uvm-1.2/src/reg/uvm_reg_sequence.svh ...
Done /home/e611hx/dvt_env/dvt_eclipse/predefined_projects/libs/uvm-1.2/src/reg/uvm_reg_sequence.svh [3 ms, 548 lines, SystemVerilog_2012] ...
Loading (124) /home/e611hx/dvt_env/dvt_eclipse/predefined_projects/libs/uvm-1.2/src/reg/uvm_reg_cbs.svh ...
Done /home/e611hx/dvt_env/dvt_eclipse/predefined_projects/libs/uvm-1.2/src/reg/uvm_reg_cbs.svh [2 ms, 530 lines, SystemVerilog_2012] ...
Loading (125) /home/e611hx/dvt_env/dvt_eclipse/predefined_projects/libs/uvm-1.2/src/reg/uvm_reg_backdoor.svh ...
Done /home/e611hx/dvt_env/dvt_eclipse/predefined_projects/libs/uvm-1.2/src/reg/uvm_reg_backdoor.svh [2 ms, 348 lines, SystemVerilog_2012] ...
Loading (126) /home/e611hx/dvt_env/dvt_eclipse/predefined_projects/libs/uvm-1.2/src/reg/uvm_reg_field.svh ...
Done /home/e611hx/dvt_env/dvt_eclipse/predefined_projects/libs/uvm-1.2/src/reg/uvm_reg_field.svh [12 ms, 2013 lines, SystemVerilog_2012] ...
Loading (127) /home/e611hx/dvt_env/dvt_eclipse/predefined_projects/libs/uvm-1.2/src/reg/uvm_vreg_field.svh ...
Done /home/e611hx/dvt_env/dvt_eclipse/predefined_projects/libs/uvm-1.2/src/reg/uvm_vreg_field.svh [6 ms, 1005 lines, SystemVerilog_2012] ...
Loading (128) /home/e611hx/dvt_env/dvt_eclipse/predefined_projects/libs/uvm-1.2/src/reg/uvm_reg.svh ...
Done /home/e611hx/dvt_env/dvt_eclipse/predefined_projects/libs/uvm-1.2/src/reg/uvm_reg.svh [15 ms, 3102 lines, SystemVerilog_2012] ...
Loading (129) /home/e611hx/dvt_env/dvt_eclipse/predefined_projects/libs/uvm-1.2/src/reg/uvm_reg_indirect.svh ...
Done /home/e611hx/dvt_env/dvt_eclipse/predefined_projects/libs/uvm-1.2/src/reg/uvm_reg_indirect.svh [2 ms, 330 lines, SystemVerilog_2012] ...
Loading (130) /home/e611hx/dvt_env/dvt_eclipse/predefined_projects/libs/uvm-1.2/src/reg/uvm_reg_fifo.svh ...
Done /home/e611hx/dvt_env/dvt_eclipse/predefined_projects/libs/uvm-1.2/src/reg/uvm_reg_fifo.svh [1 ms, 311 lines, SystemVerilog_2012] ...
Loading (131) /home/e611hx/dvt_env/dvt_eclipse/predefined_projects/libs/uvm-1.2/src/reg/uvm_reg_file.svh ...
Done /home/e611hx/dvt_env/dvt_eclipse/predefined_projects/libs/uvm-1.2/src/reg/uvm_reg_file.svh [2 ms, 501 lines, SystemVerilog_2012] ...
Loading (132) /home/e611hx/dvt_env/dvt_eclipse/predefined_projects/libs/uvm-1.2/src/reg/uvm_mem_mam.svh ...
Done /home/e611hx/dvt_env/dvt_eclipse/predefined_projects/libs/uvm-1.2/src/reg/uvm_mem_mam.svh [4 ms, 1019 lines, SystemVerilog_2012] ...
Loading (133) /home/e611hx/dvt_env/dvt_eclipse/predefined_projects/libs/uvm-1.2/src/reg/uvm_vreg.svh ...
Done /home/e611hx/dvt_env/dvt_eclipse/predefined_projects/libs/uvm-1.2/src/reg/uvm_vreg.svh [9 ms, 1554 lines, SystemVerilog_2012] ...
Loading (134) /home/e611hx/dvt_env/dvt_eclipse/predefined_projects/libs/uvm-1.2/src/reg/uvm_mem.svh ...
Done /home/e611hx/dvt_env/dvt_eclipse/predefined_projects/libs/uvm-1.2/src/reg/uvm_mem.svh [15 ms, 2410 lines, SystemVerilog_2012] ...
Loading (135) /home/e611hx/dvt_env/dvt_eclipse/predefined_projects/libs/uvm-1.2/src/reg/uvm_reg_map.svh ...
Done /home/e611hx/dvt_env/dvt_eclipse/predefined_projects/libs/uvm-1.2/src/reg/uvm_reg_map.svh [15 ms, 2225 lines, SystemVerilog_2012] ...
Loading (136) /home/e611hx/dvt_env/dvt_eclipse/predefined_projects/libs/uvm-1.2/src/reg/uvm_reg_block.svh ...
Done /home/e611hx/dvt_env/dvt_eclipse/predefined_projects/libs/uvm-1.2/src/reg/uvm_reg_block.svh [11 ms, 2272 lines, SystemVerilog_2012] ...
Loading (137) /home/e611hx/dvt_env/dvt_eclipse/predefined_projects/libs/uvm-1.2/src/reg/sequences/uvm_reg_hw_reset_seq.svh ...
Done /home/e611hx/dvt_env/dvt_eclipse/predefined_projects/libs/uvm-1.2/src/reg/sequences/uvm_reg_hw_reset_seq.svh [1 ms, 172 lines, SystemVerilog_2012] ...
Loading (138) /home/e611hx/dvt_env/dvt_eclipse/predefined_projects/libs/uvm-1.2/src/reg/sequences/uvm_reg_bit_bash_seq.svh ...
Done /home/e611hx/dvt_env/dvt_eclipse/predefined_projects/libs/uvm-1.2/src/reg/sequences/uvm_reg_bit_bash_seq.svh [2 ms, 303 lines, SystemVerilog_2012] ...
Loading (139) /home/e611hx/dvt_env/dvt_eclipse/predefined_projects/libs/uvm-1.2/src/reg/sequences/uvm_mem_walk_seq.svh ...
Done /home/e611hx/dvt_env/dvt_eclipse/predefined_projects/libs/uvm-1.2/src/reg/sequences/uvm_mem_walk_seq.svh [3 ms, 300 lines, SystemVerilog_2012] ...
Loading (140) /home/e611hx/dvt_env/dvt_eclipse/predefined_projects/libs/uvm-1.2/src/reg/sequences/uvm_mem_access_seq.svh ...
Done /home/e611hx/dvt_env/dvt_eclipse/predefined_projects/libs/uvm-1.2/src/reg/sequences/uvm_mem_access_seq.svh [2 ms, 308 lines, SystemVerilog_2012] ...
Loading (141) /home/e611hx/dvt_env/dvt_eclipse/predefined_projects/libs/uvm-1.2/src/reg/sequences/uvm_reg_access_seq.svh ...
Done /home/e611hx/dvt_env/dvt_eclipse/predefined_projects/libs/uvm-1.2/src/reg/sequences/uvm_reg_access_seq.svh [4 ms, 366 lines, SystemVerilog_2012] ...
Loading (142) /home/e611hx/dvt_env/dvt_eclipse/predefined_projects/libs/uvm-1.2/src/reg/sequences/uvm_reg_mem_shared_access_seq.svh ...
Done /home/e611hx/dvt_env/dvt_eclipse/predefined_projects/libs/uvm-1.2/src/reg/sequences/uvm_reg_mem_shared_access_seq.svh [4 ms, 486 lines, SystemVerilog_2012] ...
Loading (143) /home/e611hx/dvt_env/dvt_eclipse/predefined_projects/libs/uvm-1.2/src/reg/sequences/uvm_reg_mem_built_in_seq.svh ...
Done /home/e611hx/dvt_env/dvt_eclipse/predefined_projects/libs/uvm-1.2/src/reg/sequences/uvm_reg_mem_built_in_seq.svh [1 ms, 139 lines, SystemVerilog_2012] ...
Loading (144) /home/e611hx/dvt_env/dvt_eclipse/predefined_projects/libs/uvm-1.2/src/reg/sequences/uvm_reg_mem_hdl_paths_seq.svh ...
Done /home/e611hx/dvt_env/dvt_eclipse/predefined_projects/libs/uvm-1.2/src/reg/sequences/uvm_reg_mem_hdl_paths_seq.svh [4 ms, 175 lines, SystemVerilog_2012] ...
Done /home/e611hx/dvt_env/dvt_eclipse/predefined_projects/libs/uvm-1.2/src/reg/uvm_reg_model.svh [0 ms, 444 lines, SystemVerilog_2012] ...
Done /home/e611hx/dvt_env/dvt_eclipse/predefined_projects/libs/uvm-1.2/src/uvm_pkg.sv [0 ms, 43 lines, SystemVerilog_2012] ...
Loading (145) /home/e611hx/code/verifi/pss_rebuild/uvm_register-2.0/src/uvm_register_pkg.sv ...
Skip (optimized) /home/e611hx/dvt_env/dvt_eclipse/predefined_projects/libs/uvm-1.2/src/uvm_macros.svh ...
Loading (146) /home/e611hx/code/verifi/pss_rebuild/uvm_register-2.0/src/uvm_register_dpi.svh ...
Done /home/e611hx/code/verifi/pss_rebuild/uvm_register-2.0/src/uvm_register_dpi.svh [0 ms, 121 lines, SystemVerilog_2012] ...
Loading (147) /home/e611hx/code/verifi/pss_rebuild/uvm_register-2.0/src/uvm_named_object.sv ...
Done /home/e611hx/code/verifi/pss_rebuild/uvm_register-2.0/src/uvm_named_object.sv [4 ms, 1166 lines, SystemVerilog_2012] ...
Loading (148) /home/e611hx/code/verifi/pss_rebuild/uvm_register-2.0/src/uvm_named_object_registry.svh ...
Done /home/e611hx/code/verifi/pss_rebuild/uvm_register-2.0/src/uvm_named_object_registry.svh [0 ms, 178 lines, SystemVerilog_2012] ...
Loading (149) /home/e611hx/code/verifi/pss_rebuild/uvm_register-2.0/src/uvm_notification.svh ...
Done /home/e611hx/code/verifi/pss_rebuild/uvm_register-2.0/src/uvm_notification.svh [1 ms, 99 lines, SystemVerilog_2012] ...
Loading (150) /home/e611hx/code/verifi/pss_rebuild/uvm_register-2.0/src/uvm_register_version.svh ...
Done /home/e611hx/code/verifi/pss_rebuild/uvm_register-2.0/src/uvm_register_version.svh [0 ms, 67 lines, SystemVerilog_2012] ...
Loading (151) /home/e611hx/code/verifi/pss_rebuild/uvm_register-2.0/src/uvm_register_misc.svh ...
Done /home/e611hx/code/verifi/pss_rebuild/uvm_register-2.0/src/uvm_register_misc.svh [0 ms, 76 lines, SystemVerilog_2012] ...
Loading (152) /home/e611hx/code/verifi/pss_rebuild/uvm_register-2.0/src/uvm_register.svh ...
Done /home/e611hx/code/verifi/pss_rebuild/uvm_register-2.0/src/uvm_register.svh [17 ms, 3709 lines, SystemVerilog_2012] ...
Loading (153) /home/e611hx/code/verifi/pss_rebuild/uvm_register-2.0/src/uvm_register_transaction_pkg.svh ...
Done /home/e611hx/code/verifi/pss_rebuild/uvm_register-2.0/src/uvm_register_transaction_pkg.svh [12 ms, 214 lines, SystemVerilog_2012] ...
Loading (154) /home/e611hx/code/verifi/pss_rebuild/uvm_register-2.0/src/uvm_register_agent_pkg.svh ...
Done /home/e611hx/code/verifi/pss_rebuild/uvm_register-2.0/src/uvm_register_agent_pkg.svh [2 ms, 426 lines, SystemVerilog_2012] ...
Loading (155) /home/e611hx/code/verifi/pss_rebuild/uvm_register-2.0/src/uvm_register_sequences_pkg.svh ...
Done /home/e611hx/code/verifi/pss_rebuild/uvm_register-2.0/src/uvm_register_sequences_pkg.svh [7 ms, 555 lines, SystemVerilog_2012] ...
Loading (156) /home/e611hx/code/verifi/pss_rebuild/uvm_register-2.0/src/uvm_register_env_pkg.svh ...
Done /home/e611hx/code/verifi/pss_rebuild/uvm_register-2.0/src/uvm_register_env_pkg.svh [1 ms, 255 lines, SystemVerilog_2012] ...
Loading (157) /home/e611hx/code/verifi/pss_rebuild/uvm_register-2.0/src/uvm_register_auto_test.svh ...
Done /home/e611hx/code/verifi/pss_rebuild/uvm_register-2.0/src/uvm_register_auto_test.svh [0 ms, 94 lines, SystemVerilog_2012] ...
Loading (158) /home/e611hx/code/verifi/pss_rebuild/uvm_register-2.0/src/uvm_id_register.svh ...
Done /home/e611hx/code/verifi/pss_rebuild/uvm_register-2.0/src/uvm_id_register.svh [1 ms, 154 lines, SystemVerilog_2012] ...
Loading (159) /home/e611hx/code/verifi/pss_rebuild/uvm_register-2.0/src/uvm_modal_register.svh ...
Done /home/e611hx/code/verifi/pss_rebuild/uvm_register-2.0/src/uvm_modal_register.svh [1 ms, 126 lines, SystemVerilog_2012] ...
Loading (160) /home/e611hx/code/verifi/pss_rebuild/uvm_register-2.0/src/uvm_coherent_register.svh ...
Done /home/e611hx/code/verifi/pss_rebuild/uvm_register-2.0/src/uvm_coherent_register.svh [0 ms, 106 lines, SystemVerilog_2012] ...
Loading (161) /home/e611hx/code/verifi/pss_rebuild/uvm_register-2.0/src/uvm_fifo_register.svh ...
Done /home/e611hx/code/verifi/pss_rebuild/uvm_register-2.0/src/uvm_fifo_register.svh [1 ms, 112 lines, SystemVerilog_2012] ...
Loading (162) /home/e611hx/code/verifi/pss_rebuild/uvm_register-2.0/src/uvm_broadcast_register.svh ...
Done /home/e611hx/code/verifi/pss_rebuild/uvm_register-2.0/src/uvm_broadcast_register.svh [0 ms, 58 lines, SystemVerilog_2012] ...
Loading (163) /home/e611hx/code/verifi/pss_rebuild/uvm_register-2.0/src/uvm_indirect_register.svh ...
Done /home/e611hx/code/verifi/pss_rebuild/uvm_register-2.0/src/uvm_indirect_register.svh [1 ms, 177 lines, SystemVerilog_2012] ...
Loading (164) /home/e611hx/code/verifi/pss_rebuild/uvm_register-2.0/src/uvm_memory.svh ...
Loading (165) /home/e611hx/code/verifi/pss_rebuild/uvm_register-2.0/src/uvm_memory_range.svh ...
Done /home/e611hx/code/verifi/pss_rebuild/uvm_register-2.0/src/uvm_memory_range.svh [0 ms, 69 lines, SystemVerilog_2012] ...
Loading (166) /home/e611hx/code/verifi/pss_rebuild/uvm_register-2.0/src/uvm_memory_ranges.svh ...
Done /home/e611hx/code/verifi/pss_rebuild/uvm_register-2.0/src/uvm_memory_ranges.svh [2 ms, 482 lines, SystemVerilog_2012] ...
Done /home/e611hx/code/verifi/pss_rebuild/uvm_register-2.0/src/uvm_memory.svh [2 ms, 380 lines, SystemVerilog_2012] ...
Done /home/e611hx/code/verifi/pss_rebuild/uvm_register-2.0/src/uvm_register_pkg.sv [0 ms, 100 lines, SystemVerilog_2012] ...
Loading (167) /home/e611hx/code/verifi/pss_rebuild/pss_verification/block_level_tbs/gpio_tb/register_model/gpio_register_model_pkg.sv ...
Skip (optimized) /home/e611hx/dvt_env/dvt_eclipse/predefined_projects/libs/uvm-1.2/src/uvm_macros.svh ...
Done /home/e611hx/code/verifi/pss_rebuild/pss_verification/block_level_tbs/gpio_tb/register_model/gpio_register_model_pkg.sv [0 ms, 68 lines, SystemVerilog_2012] ...
Loading (168) /home/e611hx/code/verifi/pss_rebuild/pss_verification/block_level_tbs/gpio_tb/register_model/gpio_register_pkg.sv ...
Skip (optimized) /home/e611hx/dvt_env/dvt_eclipse/predefined_projects/libs/uvm-1.2/src/uvm_macros.svh ...
Loading (169) /home/e611hx/code/verifi/pss_rebuild/pss_verification/block_level_tbs/gpio_tb/register_model/gpio_register_coverage.svh ...
Done /home/e611hx/code/verifi/pss_rebuild/pss_verification/block_level_tbs/gpio_tb/register_model/gpio_register_coverage.svh [2 ms, 74 lines, SystemVerilog_2012] ...
Done /home/e611hx/code/verifi/pss_rebuild/pss_verification/block_level_tbs/gpio_tb/register_model/gpio_register_pkg.sv [0 ms, 134 lines, SystemVerilog_2012] ...
Loading (170) /home/e611hx/code/verifi/pss_rebuild/pss_verification/block_level_tbs/gpio_tb/register_model/gpio_register_model_pkg.sv ...
Skip (optimized) /home/e611hx/dvt_env/dvt_eclipse/predefined_projects/libs/uvm-1.2/src/uvm_macros.svh ...
Done /home/e611hx/code/verifi/pss_rebuild/pss_verification/block_level_tbs/gpio_tb/register_model/gpio_register_model_pkg.sv [1 ms, 68 lines, SystemVerilog_2012] ...
Loading (171) /home/e611hx/code/verifi/pss_rebuild/pss_verification/block_level_tbs/gpio_tb/register_model/gpio_register_pkg.sv ...
Skip (optimized) /home/e611hx/dvt_env/dvt_eclipse/predefined_projects/libs/uvm-1.2/src/uvm_macros.svh ...
Loading (172) /home/e611hx/code/verifi/pss_rebuild/pss_verification/block_level_tbs/gpio_tb/register_model/gpio_register_coverage.svh ...
Done /home/e611hx/code/verifi/pss_rebuild/pss_verification/block_level_tbs/gpio_tb/register_model/gpio_register_coverage.svh [2 ms, 74 lines, SystemVerilog_2012] ...
Done /home/e611hx/code/verifi/pss_rebuild/pss_verification/block_level_tbs/gpio_tb/register_model/gpio_register_pkg.sv [0 ms, 134 lines, SystemVerilog_2012] ...
Loading (173) /home/e611hx/code/verifi/pss_rebuild/pss_verification/agents/uart_agent/uart_agent_pkg.sv ...
Skip (optimized) /home/e611hx/dvt_env/dvt_eclipse/predefined_projects/libs/uvm-1.2/src/uvm_macros.svh ...
Loading (174) /home/e611hx/code/verifi/pss_rebuild/pss_verification/agents/uart_agent/uart_seq_item.svh ...
Done /home/e611hx/code/verifi/pss_rebuild/pss_verification/agents/uart_agent/uart_seq_item.svh [8 ms, 41 lines, SystemVerilog_2012] ...
Loading (175) /home/e611hx/code/verifi/pss_rebuild/pss_verification/agents/uart_agent/uart_agent_config.svh ...
Done /home/e611hx/code/verifi/pss_rebuild/pss_verification/agents/uart_agent/uart_agent_config.svh [1 ms, 16 lines, SystemVerilog_2012] ...
Loading (176) /home/e611hx/code/verifi/pss_rebuild/pss_verification/agents/uart_agent/uart_monitor.svh ...
Done /home/e611hx/code/verifi/pss_rebuild/pss_verification/agents/uart_agent/uart_monitor.svh [1 ms, 228 lines, SystemVerilog_2012] ...
Loading (177) /home/e611hx/code/verifi/pss_rebuild/pss_verification/agents/uart_agent/uart_sequencer.svh ...
Done /home/e611hx/code/verifi/pss_rebuild/pss_verification/agents/uart_agent/uart_sequencer.svh [0 ms, 8 lines, SystemVerilog_2012] ...
Loading (178) /home/e611hx/code/verifi/pss_rebuild/pss_verification/agents/uart_agent/uart_driver.svh ...
Done /home/e611hx/code/verifi/pss_rebuild/pss_verification/agents/uart_agent/uart_driver.svh [1 ms, 118 lines, SystemVerilog_2012] ...
Loading (179) /home/e611hx/code/verifi/pss_rebuild/pss_verification/agents/uart_agent/uart_agent.svh ...
Done /home/e611hx/code/verifi/pss_rebuild/pss_verification/agents/uart_agent/uart_agent.svh [1 ms, 43 lines, SystemVerilog_2012] ...
Done /home/e611hx/code/verifi/pss_rebuild/pss_verification/agents/uart_agent/uart_agent_pkg.sv [0 ms, 35 lines, SystemVerilog_2012] ...
Loading (180) /home/e611hx/code/verifi/pss_rebuild/pss_verification/agents/register_layering/register_layering_pkg.sv ...
Skip (optimized) /home/e611hx/dvt_env/dvt_eclipse/predefined_projects/libs/uvm-1.2/src/uvm_macros.svh ...
Loading (181) /home/e611hx/code/verifi/pss_rebuild/pss_verification/agents/register_layering/register_seq_item.svh ...
Done /home/e611hx/code/verifi/pss_rebuild/pss_verification/agents/register_layering/register_seq_item.svh [0 ms, 35 lines, SystemVerilog_2012] ...
Loading (182) /home/e611hx/code/verifi/pss_rebuild/pss_verification/agents/register_layering/register_adapter_base.svh ...
Done /home/e611hx/code/verifi/pss_rebuild/pss_verification/agents/register_layering/register_adapter_base.svh [1 ms, 38 lines, SystemVerilog_2012] ...
Done /home/e611hx/code/verifi/pss_rebuild/pss_verification/agents/register_layering/register_layering_pkg.sv [0 ms, 29 lines, SystemVerilog_2012] ...
Loading (183) /home/e611hx/code/verifi/pss_rebuild/pss_verification/agents/apb_agent/apb_agent_pkg.sv ...
Skip (optimized) /home/e611hx/dvt_env/dvt_eclipse/predefined_projects/libs/uvm-1.2/src/uvm_macros.svh ...
Loading (184) /home/e611hx/code/verifi/pss_rebuild/pss_verification/agents/apb_agent/apb_seq_item.svh ...
Done /home/e611hx/code/verifi/pss_rebuild/pss_verification/agents/apb_agent/apb_seq_item.svh [1 ms, 91 lines, SystemVerilog_2012] ...
Loading (185) /home/e611hx/code/verifi/pss_rebuild/pss_verification/agents/apb_agent/apb_agent_config.svh ...
Done /home/e611hx/code/verifi/pss_rebuild/pss_verification/agents/apb_agent/apb_agent_config.svh [1 ms, 40 lines, SystemVerilog_2012] ...
Loading (186) /home/e611hx/code/verifi/pss_rebuild/pss_verification/agents/apb_agent/apb_driver.svh ...
Done /home/e611hx/code/verifi/pss_rebuild/pss_verification/agents/apb_agent/apb_driver.svh [0 ms, 66 lines, SystemVerilog_2012] ...
Loading (187) /home/e611hx/code/verifi/pss_rebuild/pss_verification/agents/apb_agent/apb_coverage_monitor.svh ...
Done /home/e611hx/code/verifi/pss_rebuild/pss_verification/agents/apb_agent/apb_coverage_monitor.svh [1 ms, 34 lines, SystemVerilog_2012] ...
Loading (188) /home/e611hx/code/verifi/pss_rebuild/pss_verification/agents/apb_agent/apb_monitor.svh ...
Done /home/e611hx/code/verifi/pss_rebuild/pss_verification/agents/apb_agent/apb_monitor.svh [0 ms, 48 lines, SystemVerilog_2012] ...
Loading (189) /home/e611hx/code/verifi/pss_rebuild/pss_verification/agents/apb_agent/apb_sequencer.svh ...
Done /home/e611hx/code/verifi/pss_rebuild/pss_verification/agents/apb_agent/apb_sequencer.svh [0 ms, 10 lines, SystemVerilog_2012] ...
Loading (190) /home/e611hx/code/verifi/pss_rebuild/pss_verification/agents/apb_agent/apb_agent.svh ...
Done /home/e611hx/code/verifi/pss_rebuild/pss_verification/agents/apb_agent/apb_agent.svh [1 ms, 55 lines, SystemVerilog_2012] ...
Loading (191) /home/e611hx/code/verifi/pss_rebuild/pss_verification/agents/apb_agent/apb_seq.svh ...
Done /home/e611hx/code/verifi/pss_rebuild/pss_verification/agents/apb_agent/apb_seq.svh [1 ms, 23 lines, SystemVerilog_2012] ...
Loading (192) /home/e611hx/code/verifi/pss_rebuild/pss_verification/agents/apb_agent/apb_read_seq.svh ...
Done /home/e611hx/code/verifi/pss_rebuild/pss_verification/agents/apb_agent/apb_read_seq.svh [0 ms, 30 lines, SystemVerilog_2012] ...
Loading (193) /home/e611hx/code/verifi/pss_rebuild/pss_verification/agents/apb_agent/apb_write_seq.svh ...
Done /home/e611hx/code/verifi/pss_rebuild/pss_verification/agents/apb_agent/apb_write_seq.svh [1 ms, 25 lines, SystemVerilog_2012] ...
Loading (194) /home/e611hx/code/verifi/pss_rebuild/pss_verification/agents/apb_agent/apb_register_adapter.svh ...
Done /home/e611hx/code/verifi/pss_rebuild/pss_verification/agents/apb_agent/apb_register_adapter.svh [0 ms, 32 lines, SystemVerilog_2012] ...
Done /home/e611hx/code/verifi/pss_rebuild/pss_verification/agents/apb_agent/apb_agent_pkg.sv [0 ms, 21 lines, SystemVerilog_2012] ...
Loading (195) /home/e611hx/code/verifi/pss_rebuild/pss_verification/agents/gpio_agent/gpio_agent_pkg.sv ...
Skip (optimized) /home/e611hx/dvt_env/dvt_eclipse/predefined_projects/libs/uvm-1.2/src/uvm_macros.svh ...
Loading (196) /home/e611hx/code/verifi/pss_rebuild/pss_verification/agents/gpio_agent/gpio_seq_item.svh ...
Done /home/e611hx/code/verifi/pss_rebuild/pss_verification/agents/gpio_agent/gpio_seq_item.svh [1 ms, 97 lines, SystemVerilog_2012] ...
Loading (197) /home/e611hx/code/verifi/pss_rebuild/pss_verification/agents/gpio_agent/gpio_agent_config.svh ...
Done /home/e611hx/code/verifi/pss_rebuild/pss_verification/agents/gpio_agent/gpio_agent_config.svh [1 ms, 29 lines, SystemVerilog_2012] ...
Loading (198) /home/e611hx/code/verifi/pss_rebuild/pss_verification/agents/gpio_agent/gpio_driver.svh ...
Done /home/e611hx/code/verifi/pss_rebuild/pss_verification/agents/gpio_agent/gpio_driver.svh [1 ms, 59 lines, SystemVerilog_2012] ...
Loading (199) /home/e611hx/code/verifi/pss_rebuild/pss_verification/agents/gpio_agent/gpio_monitor.svh ...
Done /home/e611hx/code/verifi/pss_rebuild/pss_verification/agents/gpio_agent/gpio_monitor.svh [1 ms, 130 lines, SystemVerilog_2012] ...
Loading (200) /home/e611hx/code/verifi/pss_rebuild/pss_verification/agents/gpio_agent/gpio_sequencer.svh ...
Done /home/e611hx/code/verifi/pss_rebuild/pss_verification/agents/gpio_agent/gpio_sequencer.svh [0 ms, 10 lines, SystemVerilog_2012] ...
Loading (201) /home/e611hx/code/verifi/pss_rebuild/pss_verification/agents/gpio_agent/gpio_agent.svh ...
Done /home/e611hx/code/verifi/pss_rebuild/pss_verification/agents/gpio_agent/gpio_agent.svh [1 ms, 51 lines, SystemVerilog_2012] ...
Loading (202) /home/e611hx/code/verifi/pss_rebuild/pss_verification/agents/gpio_agent/gpio_seq.svh ...
Done /home/e611hx/code/verifi/pss_rebuild/pss_verification/agents/gpio_agent/gpio_seq.svh [0 ms, 23 lines, SystemVerilog_2012] ...
Done /home/e611hx/code/verifi/pss_rebuild/pss_verification/agents/gpio_agent/gpio_agent_pkg.sv [0 ms, 16 lines, SystemVerilog_2012] ...
Loading (203) /home/e611hx/code/verifi/pss_rebuild/pss_verification/block_level_tbs/gpio_tb/sequences/gpio_sequence_lib_pkg.sv ...
Skip (optimized) /home/e611hx/dvt_env/dvt_eclipse/predefined_projects/libs/uvm-1.2/src/uvm_macros.svh ...
Done /home/e611hx/code/verifi/pss_rebuild/pss_verification/block_level_tbs/gpio_tb/sequences/gpio_sequence_lib_pkg.sv [2 ms, 72 lines, SystemVerilog_2012] ...
Loading (204) /home/e611hx/code/verifi/pss_rebuild/pss_verification/block_level_tbs/gpio_tb/env/gpio_env_pkg.sv ...
Skip (optimized) /home/e611hx/dvt_env/dvt_eclipse/predefined_projects/libs/uvm-1.2/src/uvm_macros.svh ...
Loading (205) /home/e611hx/code/verifi/pss_rebuild/pss_verification/block_level_tbs/gpio_tb/env/gpio_env_config.svh ...
Done /home/e611hx/code/verifi/pss_rebuild/pss_verification/block_level_tbs/gpio_tb/env/gpio_env_config.svh [1 ms, 53 lines, SystemVerilog_2012] ...
Loading (206) /home/e611hx/code/verifi/pss_rebuild/pss_verification/block_level_tbs/gpio_tb/env/gpio_virtual_sequencer.svh ...
Done /home/e611hx/code/verifi/pss_rebuild/pss_verification/block_level_tbs/gpio_tb/env/gpio_virtual_sequencer.svh [0 ms, 14 lines, SystemVerilog_2012] ...
Loading (207) /home/e611hx/code/verifi/pss_rebuild/pss_verification/block_level_tbs/gpio_tb/env/gpio_out_scoreboard.svh ...
Done /home/e611hx/code/verifi/pss_rebuild/pss_verification/block_level_tbs/gpio_tb/env/gpio_out_scoreboard.svh [5 ms, 442 lines, SystemVerilog_2012] ...
Loading (208) /home/e611hx/code/verifi/pss_rebuild/pss_verification/block_level_tbs/gpio_tb/env/gpio_in_scoreboard.svh ...
Done /home/e611hx/code/verifi/pss_rebuild/pss_verification/block_level_tbs/gpio_tb/env/gpio_in_scoreboard.svh [4 ms, 508 lines, SystemVerilog_2012] ...
Loading (209) /home/e611hx/code/verifi/pss_rebuild/pss_verification/block_level_tbs/gpio_tb/env/gpio_reg_scoreboard.svh ...
Done /home/e611hx/code/verifi/pss_rebuild/pss_verification/block_level_tbs/gpio_tb/env/gpio_reg_scoreboard.svh [2 ms, 149 lines, SystemVerilog_2012] ...
Loading (210) /home/e611hx/code/verifi/pss_rebuild/pss_verification/block_level_tbs/gpio_tb/env/gpio_env.svh ...
Done /home/e611hx/code/verifi/pss_rebuild/pss_verification/block_level_tbs/gpio_tb/env/gpio_env.svh [1 ms, 102 lines, SystemVerilog_2012] ...
Done /home/e611hx/code/verifi/pss_rebuild/pss_verification/block_level_tbs/gpio_tb/env/gpio_env_pkg.sv [0 ms, 34 lines, SystemVerilog_2012] ...
Loading (211) /home/e611hx/code/verifi/pss_rebuild/pss_verification/block_level_tbs/gpio_tb/sequences/gpio_bus_sequence_lib_pkg.sv ...
Skip (optimized) /home/e611hx/dvt_env/dvt_eclipse/predefined_projects/libs/uvm-1.2/src/uvm_macros.svh ...
Done /home/e611hx/code/verifi/pss_rebuild/pss_verification/block_level_tbs/gpio_tb/sequences/gpio_bus_sequence_lib_pkg.sv [4 ms, 281 lines, SystemVerilog_2012] ...
Loading (212) /home/e611hx/code/verifi/pss_rebuild/pss_verification/block_level_tbs/gpio_tb/sequences/gpio_virtual_sequence_lib_pkg.sv ...
Skip (optimized) /home/e611hx/dvt_env/dvt_eclipse/predefined_projects/libs/uvm-1.2/src/uvm_macros.svh ...
Done /home/e611hx/code/verifi/pss_rebuild/pss_verification/block_level_tbs/gpio_tb/sequences/gpio_virtual_sequence_lib_pkg.sv [3 ms, 162 lines, SystemVerilog_2012] ...
Loading (213) /home/e611hx/code/verifi/pss_rebuild/pss_verification/block_level_tbs/gpio_tb/test/gpio_test_lib_pkg.sv ...
Skip (optimized) /home/e611hx/dvt_env/dvt_eclipse/predefined_projects/libs/uvm-1.2/src/uvm_macros.svh ...
Loading (214) /home/e611hx/code/verifi/pss_rebuild/pss_verification/block_level_tbs/gpio_tb/test/gpio_test_base.svh ...
Done /home/e611hx/code/verifi/pss_rebuild/pss_verification/block_level_tbs/gpio_tb/test/gpio_test_base.svh [1 ms, 84 lines, SystemVerilog_2012] ...
Loading (215) /home/e611hx/code/verifi/pss_rebuild/pss_verification/block_level_tbs/gpio_tb/test/gpio_input_test.svh ...
Done /home/e611hx/code/verifi/pss_rebuild/pss_verification/block_level_tbs/gpio_tb/test/gpio_input_test.svh [0 ms, 27 lines, SystemVerilog_2012] ...
Done /home/e611hx/code/verifi/pss_rebuild/pss_verification/block_level_tbs/gpio_tb/test/gpio_test_lib_pkg.sv [0 ms, 21 lines, SystemVerilog_2012] ...
Loading (216) /home/e611hx/code/verifi/pss_rebuild/pss_verification/agents/ahb_agent/ahb_agent_pkg.sv ...
Skip (optimized) /home/e611hx/dvt_env/dvt_eclipse/predefined_projects/libs/uvm-1.2/src/uvm_macros.svh ...
Loading (217) /home/e611hx/code/verifi/pss_rebuild/pss_verification/agents/ahb_agent/ahb_seq_item.svh ...
Done /home/e611hx/code/verifi/pss_rebuild/pss_verification/agents/ahb_agent/ahb_seq_item.svh [2 ms, 81 lines, SystemVerilog_2012] ...
Loading (218) /home/e611hx/code/verifi/pss_rebuild/pss_verification/agents/ahb_agent/ahb_agent_config.svh ...
Done /home/e611hx/code/verifi/pss_rebuild/pss_verification/agents/ahb_agent/ahb_agent_config.svh [0 ms, 14 lines, SystemVerilog_2012] ...
Loading (219) /home/e611hx/code/verifi/pss_rebuild/pss_verification/agents/ahb_agent/ahb_driver.svh ...
Done /home/e611hx/code/verifi/pss_rebuild/pss_verification/agents/ahb_agent/ahb_driver.svh [1 ms, 64 lines, SystemVerilog_2012] ...
Loading (220) /home/e611hx/code/verifi/pss_rebuild/pss_verification/agents/ahb_agent/ahb_monitor.svh ...
Done /home/e611hx/code/verifi/pss_rebuild/pss_verification/agents/ahb_agent/ahb_monitor.svh [0 ms, 51 lines, SystemVerilog_2012] ...
Loading (221) /home/e611hx/code/verifi/pss_rebuild/pss_verification/agents/ahb_agent/ahb_sequencer.svh ...
Done /home/e611hx/code/verifi/pss_rebuild/pss_verification/agents/ahb_agent/ahb_sequencer.svh [0 ms, 15 lines, SystemVerilog_2012] ...
Loading (222) /home/e611hx/code/verifi/pss_rebuild/pss_verification/agents/ahb_agent/ahb_agent.svh ...
Done /home/e611hx/code/verifi/pss_rebuild/pss_verification/agents/ahb_agent/ahb_agent.svh [0 ms, 26 lines, SystemVerilog_2012] ...
Loading (223) /home/e611hx/code/verifi/pss_rebuild/pss_verification/agents/ahb_agent/ahb_seq.svh ...
Done /home/e611hx/code/verifi/pss_rebuild/pss_verification/agents/ahb_agent/ahb_seq.svh [1 ms, 25 lines, SystemVerilog_2012] ...
Loading (224) /home/e611hx/code/verifi/pss_rebuild/pss_verification/agents/ahb_agent/ahb_write_seq.svh ...
Done /home/e611hx/code/verifi/pss_rebuild/pss_verification/agents/ahb_agent/ahb_write_seq.svh [1 ms, 26 lines, SystemVerilog_2012] ...
Loading (225) /home/e611hx/code/verifi/pss_rebuild/pss_verification/agents/ahb_agent/ahb_read_seq.svh ...
Done /home/e611hx/code/verifi/pss_rebuild/pss_verification/agents/ahb_agent/ahb_read_seq.svh [0 ms, 28 lines, SystemVerilog_2012] ...
Loading (226) /home/e611hx/code/verifi/pss_rebuild/pss_verification/agents/ahb_agent/ahb_register_adapter.svh ...
Done /home/e611hx/code/verifi/pss_rebuild/pss_verification/agents/ahb_agent/ahb_register_adapter.svh [0 ms, 29 lines, SystemVerilog_2012] ...
Done /home/e611hx/code/verifi/pss_rebuild/pss_verification/agents/ahb_agent/ahb_agent_pkg.sv [0 ms, 24 lines, SystemVerilog_2012] ...
Loading (227) /home/e611hx/code/verifi/pss_rebuild/pss_verification/block_level_tbs/gpio_tb/tb/top_tb.sv ...
Loading (228) /home/e611hx/code/verifi/pss_rebuild/pss_verification/rtl/gpio/rtl/verilog/gpio_defines.v ...
Done /home/e611hx/code/verifi/pss_rebuild/pss_verification/rtl/gpio/rtl/verilog/gpio_defines.v [1 ms, 327 lines, Verilog_2001] ...
Loading (229) /home/e611hx/code/verifi/pss_rebuild/pss_verification/rtl/gpio/rtl/verilog/timescale.v ...
Done /home/e611hx/code/verifi/pss_rebuild/pss_verification/rtl/gpio/rtl/verilog/timescale.v [0 ms, 2 lines, Verilog_2001] ...
Done /home/e611hx/code/verifi/pss_rebuild/pss_verification/block_level_tbs/gpio_tb/tb/top_tb.sv [0 ms, 77 lines, SystemVerilog_2012] ...
Loading (230) /home/e611hx/code/verifi/pss_rebuild/pss_verification/rtl/gpio/rtl/verilog/gpio_top.v ...
Skip (optimized) /home/e611hx/code/verifi/pss_rebuild/pss_verification/rtl/gpio/rtl/verilog/timescale.v ...
Skip (optimized) /home/e611hx/code/verifi/pss_rebuild/pss_verification/rtl/gpio/rtl/verilog/gpio_defines.v ...
Done /home/e611hx/code/verifi/pss_rebuild/pss_verification/rtl/gpio/rtl/verilog/gpio_top.v [4 ms, 1029 lines, Verilog_2001] ...
Loading (231) /home/e611hx/code/verifi/pss_rebuild/pss_verification/agents/ahb_agent/ahb_if.sv ...
Done /home/e611hx/code/verifi/pss_rebuild/pss_verification/agents/ahb_agent/ahb_if.sv [0 ms, 18 lines, SystemVerilog_2012] ...
Loading (232) /home/e611hx/code/verifi/pss_rebuild/pss_verification/agents/apb_agent/apb_if.sv ...
Done /home/e611hx/code/verifi/pss_rebuild/pss_verification/agents/apb_agent/apb_if.sv [0 ms, 23 lines, SystemVerilog_2012] ...
Loading (233) /home/e611hx/code/verifi/pss_rebuild/pss_verification/agents/gpio_agent/gpio_if.sv ...
Done /home/e611hx/code/verifi/pss_rebuild/pss_verification/agents/gpio_agent/gpio_if.sv [0 ms, 7 lines, SystemVerilog_2012] ...
Loading (234) /home/e611hx/code/verifi/pss_rebuild/pss_verification/agents/uart_agent/serial_if.sv ...
Done /home/e611hx/code/verifi/pss_rebuild/pss_verification/agents/uart_agent/serial_if.sv [0 ms, 5 lines, SystemVerilog_2012] ...
Loading (235) /home/e611hx/code/verifi/pss_rebuild/pss_verification/block_level_tbs/gpio_tb/tb/intr_if.sv ...
Done /home/e611hx/code/verifi/pss_rebuild/pss_verification/block_level_tbs/gpio_tb/tb/intr_if.sv [0 ms, 4 lines, SystemVerilog_2012] ...
*** Done invocation #1 [518 ms] ***
*** Done parsing [LT 451.0 ms, PT 518.0 ms] ***
*** Total number of lines [90 380] ***
Performing post full build actions ...
Performing post full build step 1 (SRI) [1 ms] ...
Performing post full build step 2 (RI) [3 ms] ...
Performing post full build step 3 (RCP) [14 ms] ...
*** Done SystemVerilog build [550 ms] ***

*** Start mixed mode extension build ***
Performing mixed post full build step 1 (Verilog - RI) [3 ms] ...
Performing mixed post full build step 2 (Verilog - RC) [1 ms] ...
Performing mixed post full build step 3 (Verilog - RPC) [2 ms] ...
Performing mixed post full build step 4 (Verilog - RD) [16 ms] ...
Performing mixed post full build step 5 (Verilog - FSC) [495 ms] ...
Performing mixed post full build step 6 (Verilog - EV) [202 ms] ...
Performing mixed post full build step 7 (Verilog - US) [50 ms] ...
*** Error: UNDECLARED_IDENTIFIER: Identifier 'factory' is not declared
    at line 232 in /home/e611hx/code/verifi/pss_rebuild/uvm_register-2.0/src/uvm_register_env_pkg.svh [compile index 157]
*** Error: UNDECLARED_IDENTIFIER: Identifier 'factory' is not declared
    at line 1005 in /home/e611hx/code/verifi/pss_rebuild/uvm_register-2.0/src/uvm_named_object.sv [compile index 148]
*** Error: UNDECLARED_IDENTIFIER: Identifier 'factory' is not declared
    at line 1030 in /home/e611hx/code/verifi/pss_rebuild/uvm_register-2.0/src/uvm_named_object.sv [compile index 148]
*** Error: UNDECLARED_IDENTIFIER: Identifier 'factory' is not declared
    at line 1072 in /home/e611hx/code/verifi/pss_rebuild/uvm_register-2.0/src/uvm_named_object.sv [compile index 148]
*** Error: UNDECLARED_IDENTIFIER: Identifier 'factory' is not declared
    at line 1017 in /home/e611hx/code/verifi/pss_rebuild/uvm_register-2.0/src/uvm_named_object.sv [compile index 148]
*** Error: UNDECLARED_IDENTIFIER: Identifier 'factory' is not declared
    at line 1050 in /home/e611hx/code/verifi/pss_rebuild/uvm_register-2.0/src/uvm_named_object.sv [compile index 148]
*** Error: UNDECLARED_IDENTIFIER: Identifier 'factory' is not declared
    at line 994 in /home/e611hx/code/verifi/pss_rebuild/uvm_register-2.0/src/uvm_named_object.sv [compile index 148]
*** Error: METHOD_CALL_ARGUMENTS: Expecting maximum '0' arguments when calling 'new', found '1'
    at line 157 in /home/e611hx/code/verifi/pss_rebuild/uvm_register-2.0/src/uvm_register_transaction_pkg.svh [compile index 154]
*** Error: METHOD_CALL_ARGUMENTS: Expecting maximum '0' arguments when calling 'new', found '1'
    at line 123 in /home/e611hx/code/verifi/pss_rebuild/uvm_register-2.0/src/uvm_register_transaction_pkg.svh [compile index 154]
*** Error: METHOD_CALL_ARGUMENTS: Expecting maximum '0' arguments when calling 'new', found '1'
    at line 184 in /home/e611hx/code/verifi/pss_rebuild/uvm_register-2.0/src/uvm_register_transaction_pkg.svh [compile index 154]
*** Error: METHOD_CALL_ARGUMENTS: Expecting maximum '0' arguments when calling 'new', found '1'
    at line 61 in /home/e611hx/code/verifi/pss_rebuild/uvm_register-2.0/src/uvm_register_transaction_pkg.svh [compile index 154]
*** Error: ILLEGAL_PRIVATE_ACCESS: Private member 'addresses2string' of class 'uvm_mapped_register' is not visible in this scope
    at line 2879 in /home/e611hx/code/verifi/pss_rebuild/uvm_register-2.0/src/uvm_register.svh [compile index 153]
*** Error: UNDECLARED_IDENTIFIER: Identifier 'factory' is not declared
    at line 145 in /home/e611hx/code/verifi/pss_rebuild/uvm_register-2.0/src/uvm_named_object_registry.svh [compile index 149]
*** Error: UNDECLARED_IDENTIFIER: Identifier 'factory' is not declared
    at line 174 in /home/e611hx/code/verifi/pss_rebuild/uvm_register-2.0/src/uvm_named_object_registry.svh [compile index 149]
*** Done mixed mode extension build [824 ms] ***
*** Start adding/validating the DVT Auto-Linked resources ***
*** Done adding/validating the DVT Auto-Linked resources [4 ms] ***
*** Total build time [1s.487ms] ***
